\BOOKMARK [0][-]{table.caption.2}{\376\377\000D\000E\000C\000L\000A\000R\000A\000T\000I\000O\000N}{}% 1
\BOOKMARK [0][-]{table.caption.5}{\376\377\000C\000E\000R\000T\000I\000F\000I\000C\000A\000T\000E}{}% 2
\BOOKMARK [0][-]{section*.7}{\376\377\000A\000b\000s\000t\000r\000a\000c\000t}{}% 3
\BOOKMARK [0][-]{section*.8}{\376\377\000A\000c\000k\000n\000o\000w\000l\000e\000d\000g\000e\000m\000e\000n\000t\000s}{}% 4
\BOOKMARK [0][-]{chapter*.10}{\376\377\000L\000i\000s\000t\000\040\000o\000f\000\040\000P\000u\000b\000l\000i\000c\000a\000t\000i\000o\000n\000s}{}% 5
\BOOKMARK [0][-]{chapter*.12}{\376\377\000L\000i\000s\000t\000\040\000o\000f\000\040\000F\000i\000g\000u\000r\000e\000s}{}% 6
\BOOKMARK [0][-]{chapter*.13}{\376\377\000L\000i\000s\000t\000\040\000o\000f\000\040\000T\000a\000b\000l\000e\000s}{}% 7
\BOOKMARK [0][-]{table.15}{\376\377\000L\000i\000s\000t\000\040\000o\000f\000\040\000A\000b\000b\000r\000e\000v\000i\000a\000t\000i\000o\000n\000s}{}% 8
\BOOKMARK [0][-]{table.17}{\376\377\000L\000i\000s\000t\000\040\000o\000f\000\040\000S\000y\000m\000b\000o\000l\000s}{}% 9
\BOOKMARK [0][-]{chapter.19}{\376\377\000F\000o\000r\000e\000c\000a\000s\000t\000i\000n\000g\000\040\000P\000M\0002\000.\0005\000\040\000o\000f\000\040\000S\000o\000m\000e\000\040\000I\000n\000d\000i\000a\000n\000\040\000C\000i\000t\000e\000s\000\040\000U\000s\000i\000n\000g\000\040\000D\000e\000e\000p\000\040\000L\000e\000a\000r\000n\000i\000n\000g\000\040\000T\000e\000c\000h\000n\000i\000q\000u\000e\000s}{}% 10
\BOOKMARK [1][-]{section.20}{\376\377\000I\000n\000t\000r\000o\000d\000u\000c\000t\000i\000o\000n}{chapter.19}% 11
\BOOKMARK [1][-]{section.21}{\376\377\000L\000i\000t\000e\000r\000a\000t\000u\000r\000e\000\040\000R\000e\000v\000i\000e\000w}{chapter.19}% 12
\BOOKMARK [1][-]{section.23}{\376\377\000B\000a\000s\000i\000c\000s\000\040\000R\000e\000l\000a\000t\000e\000d\000\040\000R\000o\000n\000c\000e\000p\000t\000s}{chapter.19}% 13
\BOOKMARK [2][-]{subsection.24}{\376\377\000M\000a\000c\000h\000i\000n\000e\000\040\000L\000e\000a\000r\000n\000i\000n\000g}{section.23}% 14
\BOOKMARK [2][-]{subsection.26}{\376\377\000T\000i\000m\000e\000\040\000S\000e\000r\000i\000e\000s}{section.23}% 15
\BOOKMARK [2][-]{subsection.27}{\376\377\000D\000e\000e\000p\000\040\000L\000e\000a\000r\000n\000i\000n\000g\000\040\000f\000o\000r\000\040\000T\000i\000m\000e\000-\000S\000e\000r\000i\000e\000s}{section.23}% 16
\BOOKMARK [1][-]{section.34}{\376\377\000M\000e\000t\000h\000o\000d\000o\000l\000o\000g\000y}{chapter.19}% 17
\BOOKMARK [2][-]{subsection.36}{\376\377\000D\000a\000t\000a\000S\000e\000t\000s}{section.34}% 18
\BOOKMARK [2][-]{subsection.39}{\376\377\000F\000r\000a\000m\000e\000w\000o\000r\000k}{section.34}% 19
\BOOKMARK [3][-]{section*.40}{\376\377\000S\000t\000e\000p\000\040\0001\000\040\000:\000\040}{subsection.39}% 20
\BOOKMARK [3][-]{section*.41}{\376\377\000S\000t\000e\000p\000\040\0002\000\040\000:\000\040}{subsection.39}% 21
\BOOKMARK [3][-]{section*.42}{\376\377\000S\000t\000e\000p\000\040\0003\000\040\000:\000\040}{subsection.39}% 22
\BOOKMARK [3][-]{section*.43}{\376\377\000S\000t\000e\000p\000\040\0004\000\040\000:\000\040}{subsection.39}% 23
\BOOKMARK [3][-]{section*.44}{\376\377\000S\000t\000e\000p\000\040\0005\000\040\000:\000\040}{subsection.39}% 24
\BOOKMARK [2][-]{subsection.45}{\376\377\000E\000x\000p\000r\000e\000m\000e\000n\000t\000\040\000D\000e\000s\000i\000g\000n\000\040\000:\000\040}{section.34}% 25
\BOOKMARK [2][-]{subsection.46}{\376\377\000E\000x\000p\000r\000e\000m\000e\000n\000t\000\040\000S\000e\000t\000u\000p\000\040\000:\000\040}{section.34}% 26
\BOOKMARK [3][-]{section*.47}{\376\377\000H\000a\000r\000d\000w\000a\000r\000e}{subsection.46}% 27
\BOOKMARK [3][-]{section*.48}{\376\377\000S\000o\000f\000t\000w\000a\000r\000e}{subsection.46}% 28
\BOOKMARK [3][-]{section*.54}{\376\377\000S\000t\000e\000p\000\040\0001\000:\000\040\000T\000h\000e\000\040\000D\000a\000t\000a\000s\000e\000t\000:}{subsection.46}% 29
\BOOKMARK [3][-]{section*.56}{\376\377\000S\000t\000e\000p\000\040\0002\000:\000\040\000R\000e\000s\000i\000z\000i\000n\000g\000\040\000o\000f\000\040\000t\000h\000e\000\040\000D\000a\000t\000a\000s\000e\000t\000:}{subsection.46}% 30
\BOOKMARK [3][-]{section*.58}{\376\377\000S\000t\000e\000p\000\040\0003\000:\000\040\000S\000p\000l\000i\000t\000t\000i\000n\000g\000\040\000D\000a\000t\000a\000s\000e\000t\000:}{subsection.46}% 31
\BOOKMARK [3][-]{section*.61}{\376\377\000S\000t\000e\000p\000\040\0004\000:\000\040\000F\000e\000a\000t\000u\000r\000e\000\040\000E\000x\000t\000r\000a\000c\000t\000i\000o\000n\000\040\000u\000s\000i\000n\000g\000\040\000P\000C\000A\000:}{subsection.46}% 32
\BOOKMARK [3][-]{section*.63}{\376\377\000S\000t\000e\000p\000\040\0005\000:\000\040\000A\000p\000p\000l\000y\000i\000n\000g\000\040\000M\000a\000c\000h\000i\000n\000e\000\040\000L\000e\000a\000r\000n\000i\000n\000g\000\040\000C\000l\000a\000s\000s\000i\000f\000i\000e\000r\000s\000:}{subsection.46}% 33
\BOOKMARK [3][-]{section*.64}{\376\377\000S\000t\000e\000p\000\040\0006\000:\000\040\000A\000c\000c\000u\000r\000a\000c\000y\000:}{subsection.46}% 34
\BOOKMARK [1][-]{section.66}{\376\377\000E\000x\000p\000e\000r\000i\000m\000e\000n\000t\000s}{chapter.19}% 35
\BOOKMARK [2][-]{subsection.67}{\376\377\000D\000a\000t\000a\000s\000e\000t\000\040\000D\000e\000s\000c\000r\000i\000p\000t\000i\000o\000n}{section.66}% 36
\BOOKMARK [2][-]{subsection.69}{\376\377\000E\000x\000p\000e\000r\000i\000m\000e\000n\000t\000\040\000D\000e\000s\000i\000g\000n}{section.66}% 37
\BOOKMARK [1][-]{section.70}{\376\377\000R\000e\000s\000u\000l\000t\000s\000\040\000a\000n\000d\000\040\000A\000n\000a\000l\000y\000s\000i\000s}{chapter.19}% 38
\BOOKMARK [2][-]{subsection.71}{\376\377\000R\000e\000s\000u\000l\000t\000s}{section.70}% 39
\BOOKMARK [2][-]{subsection.75}{\376\377\000A\000n\000a\000l\000y\000s\000i\000s\000\040\000o\000f\000\040\000R\000e\000s\000u\000l\000t\000s}{section.70}% 40
\BOOKMARK [3][-]{section*.76}{\376\377\000C\000l\000a\000s\000s\000i\000f\000i\000c\000a\000t\000i\000o\000n\000\040\000c\000o\000m\000p\000a\000r\000i\000s\000o\000n\000\040\000u\000s\000i\000n\000g\000\040\000b\000a\000r\000\040\000p\000l\000o\000t\000:}{subsection.75}% 41
\BOOKMARK [3][-]{section*.77}{\376\377\000C\000l\000a\000s\000s\000i\000f\000i\000c\000a\000t\000i\000o\000n\000\040\000c\000o\000m\000p\000a\000r\000i\000s\000o\000n\000\040\000u\000s\000i\000n\000g\000\040\000b\000o\000x\000\040\000p\000l\000o\000t\000:}{subsection.75}% 42
\BOOKMARK [3][-]{section*.78}{\376\377\000C\000l\000a\000s\000s\000i\000f\000i\000c\000a\000t\000i\000o\000n\000\040\000c\000o\000m\000p\000a\000r\000i\000s\000o\000n\000\040\000b\000a\000s\000e\000d\000\040\000o\000n\000\040\000p\000e\000r\000f\000o\000r\000m\000a\000n\000c\000e\000:}{subsection.75}% 43
